This is pdfTeX, Version 3.14159265-2.6-1.40.21 (TeX Live 2020) (preloaded format=pdflatex 2020.4.7)  8 NOV 2020 10:27
entering extended mode
 restricted \write18 enabled.
 file:line:error style messages enabled.
 %&-line parsing enabled.
**arxiv.sty
(./arxiv.sty
LaTeX2e <2020-02-02> patch level 5
L3 programming layer <2020-03-06>

./arxiv.sty:10: LaTeX Error: \usepackage before \documentclass.

See the LaTeX manual or LaTeX Companion for explanation.
Type  H <return>  for immediate help.
 ...                                              
                                                  
l.10 \usepackage[verbose=true,letterpaper]{
                                           geometry}
? 
./arxiv.sty:10: Emergency stop.
 ...                                              
                                                  
l.10 \usepackage[verbose=true,letterpaper]{
                                           geometry}
\usepackage may only appear in the document preamble, i.e.,
between \documentclass and \begin{document}.

 
Here is how much of TeX's memory you used:
 19 strings out of 480608
 526 string characters out of 5903631
 239610 words of memory out of 5000000
 16010 multiletter control sequences out of 15000+600000
 532338 words of font info for 24 fonts, out of 8000000 for 9000
 1141 hyphenation exceptions out of 8191
 12i,0n,15p,65b,14s stack positions out of 5000i,500n,10000p,200000b,80000s
./arxiv.sty:10:  ==> Fatal error occurred, no output PDF file produced!
